# JRE version: Java(TM) SE Runtime Environment (16.0.1+9) (build 16.0.1+9-24)
# Java VM: Java HotSpot(TM) 64-Bit Server VM (16.0.1+9-24, mixed mode, sharing, tiered, compressed oops, compressed class ptrs, g1 gc, windows-amd64)
GC Precious Log:
 CPUs: 8 total, 8 available
 Memory: 8029M
 Large Page Support: Disabled
 NUMA Support: Disabled
 Compressed Oops: Enabled (32-bit)
 Heap Region Size: 1M
 Heap Min Capacity: 8M
 Heap Initial Capacity: 126M
 Heap Max Capacity: 2008M
 Pre-touch: Disabled
 Parallel Workers: 8
 Concurrent Workers: 2
 Concurrent Refinement Workers: 8
 Periodic GC: Disabled
Heap:
 garbage-first heap   total 114688K, used 29144K [0x0000000082800000, 0x0000000100000000)
  region size 1024K, 3 young (3072K), 3 survivors (3072K)
 Metaspace       used 61323K, committed 61824K, reserved 1105920K
  class space    used 7797K, committed 8000K, reserved 1048576K
GC Heap History (20 events):
Event: 6390.803 GC heap after
{Heap after GC invocations=24 (full 1):
 garbage-first heap   total 68608K, used 22599K [0x0000000082800000, 0x0000000100000000)
  region size 1024K, 4 young (4096K), 4 survivors (4096K)
 Metaspace       used 59511K, committed 59904K, reserved 1105920K
  class space    used 7699K, committed 7872K, reserved 1048576K
}
Event: 6390.866 GC heap before
{Heap before GC invocations=24 (full 1):
 garbage-first heap   total 68608K, used 53319K [0x0000000082800000, 0x0000000100000000)
  region size 1024K, 35 young (35840K), 4 survivors (4096K)
 Metaspace       used 59527K, committed 59904K, reserved 1105920K
  class space    used 7699K, committed 7872K, reserved 1048576K
}
Event: 6390.871 GC heap after
{Heap after GC invocations=25 (full 1):
 garbage-first heap   total 68608K, used 22951K [0x0000000082800000, 0x0000000100000000)
  region size 1024K, 1 young (1024K), 1 survivors (1024K)
 Metaspace       used 59527K, committed 59904K, reserved 1105920K
  class space    used 7699K, committed 7872K, reserved 1048576K
}
Event: 6391.529 GC heap before
{Heap before GC invocations=25 (full 1):
 garbage-first heap   total 68608K, used 53671K [0x0000000082800000, 0x0000000100000000)
  region size 1024K, 31 young (31744K), 1 survivors (1024K)
 Metaspace       used 59845K, committed 60224K, reserved 1105920K
  class space    used 7708K, committed 7872K, reserved 1048576K
}
Event: 6391.532 GC heap after
{Heap after GC invocations=26 (full 1):
 garbage-first heap   total 68608K, used 24176K [0x0000000082800000, 0x0000000100000000)
  region size 1024K, 2 young (2048K), 2 survivors (2048K)
 Metaspace       used 59845K, committed 60224K, reserved 1105920K
  class space    used 7708K, committed 7872K, reserved 1048576K
}
Event: 6429.936 GC heap before
{Heap before GC invocations=26 (full 1):
 garbage-first heap   total 68608K, used 42608K [0x0000000082800000, 0x0000000100000000)
  region size 1024K, 21 young (21504K), 2 survivors (2048K)
 Metaspace       used 60156K, committed 60608K, reserved 1105920K
  class space    used 7720K, committed 7936K, reserved 1048576K
}
Event: 6430.002 GC heap after
{Heap after GC invocations=27 (full 2):
 garbage-first heap   total 68608K, used 21470K [0x0000000082800000, 0x0000000100000000)
  region size 1024K, 0 young (0K), 0 survivors (0K)
 Metaspace       used 60154K, committed 60608K, reserved 1105920K
  class space    used 7719K, committed 7936K, reserved 1048576K
}
Event: 6431.374 GC heap before
{Heap before GC invocations=27 (full 2):
 garbage-first heap   total 68608K, used 53214K [0x0000000082800000, 0x0000000100000000)
  region size 1024K, 32 young (32768K), 0 survivors (0K)
 Metaspace       used 60298K, committed 60736K, reserved 1105920K
  class space    used 7727K, committed 7936K, reserved 1048576K
}
Event: 6431.377 GC heap after
{Heap after GC invocations=28 (full 2):
 garbage-first heap   total 68608K, used 23915K [0x0000000082800000, 0x0000000100000000)
  region size 1024K, 3 young (3072K), 3 survivors (3072K)
 Metaspace       used 60298K, committed 60736K, reserved 1105920K
  class space    used 7727K, committed 7936K, reserved 1048576K
}
Event: 6431.387 GC heap before
{Heap before GC invocations=28 (full 2):
 garbage-first heap   total 68608K, used 52587K [0x0000000082800000, 0x0000000100000000)
  region size 1024K, 32 young (32768K), 3 survivors (3072K)
 Metaspace       used 60298K, committed 60736K, reserved 1105920K
  class space    used 7727K, committed 7936K, reserved 1048576K
}
Event: 6431.390 GC heap after
{Heap after GC invocations=29 (full 2):
 garbage-first heap   total 68608K, used 23972K [0x0000000082800000, 0x0000000100000000)
  region size 1024K, 1 young (1024K), 1 survivors (1024K)
 Metaspace       used 60298K, committed 60736K, reserved 1105920K
  class space    used 7727K, committed 7936K, reserved 1048576K
}
Event: 6431.918 GC heap before
{Heap before GC invocations=29 (full 2):
 garbage-first heap   total 68608K, used 53668K [0x0000000082800000, 0x0000000100000000)
  region size 1024K, 30 young (30720K), 1 survivors (1024K)
 Metaspace       used 60571K, committed 60992K, reserved 1105920K
  class space    used 7740K, committed 7936K, reserved 1048576K
}
Event: 6431.920 GC heap after
{Heap after GC invocations=30 (full 2):
 garbage-first heap   total 68608K, used 25139K [0x0000000082800000, 0x0000000100000000)
  region size 1024K, 2 young (2048K), 2 survivors (2048K)
 Metaspace       used 60571K, committed 60992K, reserved 1105920K
  class space    used 7740K, committed 7936K, reserved 1048576K
}
Event: 6436.462 GC heap before
{Heap before GC invocations=30 (full 2):
 garbage-first heap   total 68608K, used 53811K [0x0000000082800000, 0x0000000100000000)
  region size 1024K, 30 young (30720K), 2 survivors (2048K)
 Metaspace       used 60926K, committed 61440K, reserved 1105920K
  class space    used 7779K, committed 8000K, reserved 1048576K
}
Event: 6436.466 GC heap after
{Heap after GC invocations=31 (full 2):
 garbage-first heap   total 68608K, used 26744K [0x0000000082800000, 0x0000000100000000)
  region size 1024K, 3 young (3072K), 3 survivors (3072K)
 Metaspace       used 60926K, committed 61440K, reserved 1105920K
  class space    used 7779K, committed 8000K, reserved 1048576K
}
Event: 6436.730 GC heap before
{Heap before GC invocations=31 (full 2):
 garbage-first heap   total 68608K, used 53368K [0x0000000082800000, 0x0000000100000000)
  region size 1024K, 30 young (30720K), 3 survivors (3072K)
 Metaspace       used 60978K, committed 61440K, reserved 1105920K
  class space    used 7782K, committed 8000K, reserved 1048576K
}
Event: 6436.736 GC heap after
{Heap after GC invocations=32 (full 2):
 garbage-first heap   total 68608K, used 27308K [0x0000000082800000, 0x0000000100000000)
  region size 1024K, 3 young (3072K), 3 survivors (3072K)
 Metaspace       used 60978K, committed 61440K, reserved 1105920K
  class space    used 7782K, committed 8000K, reserved 1048576K
}
Event: 6437.074 GC heap before
{Heap before GC invocations=32 (full 2):
 garbage-first heap   total 68608K, used 52908K [0x0000000082800000, 0x0000000100000000)
  region size 1024K, 29 young (29696K), 3 survivors (3072K)
 Metaspace       used 61052K, committed 61504K, reserved 1105920K
  class space    used 7783K, committed 8000K, reserved 1048576K
}
Event: 6437.081 GC heap after
{Heap after GC invocations=33 (full 2):
 garbage-first heap   total 68608K, used 27860K [0x0000000082800000, 0x0000000100000000)
  region size 1024K, 2 young (2048K), 2 survivors (2048K)
 Metaspace       used 61052K, committed 61504K, reserved 1105920K
  class space    used 7783K, committed 8000K, reserved 1048576K
}
Event: 6439.533 GC heap before
{Heap before GC invocations=33 (full 2):
 garbage-first heap   total 68608K, used 54484K [0x0000000082800000, 0x0000000100000000)
  region size 1024K, 28 young (28672K), 2 survivors (2048K)
 Metaspace       used 61323K, committed 61824K, reserved 1105920K
  class space    used 7797K, committed 8000K, reserved 1048576K
}

