# JRE version: Java(TM) SE Runtime Environment (16.0.1+9) (build 16.0.1+9-24)
# Java VM: Java HotSpot(TM) 64-Bit Server VM (16.0.1+9-24, mixed mode, sharing, tiered, compressed oops, compressed class ptrs, parallel gc, windows-amd64)
GC Precious Log:
 CPUs: 8 total, 8 available
 Memory: 8029M
 Large Page Support: Disabled
 NUMA Support: Disabled
 Compressed Oops: Enabled (32-bit)
 Alignments: Space 512K, Generation 512K, Heap 2M
 Heap Min Capacity: 100M
 Heap Initial Capacity: 100M
 Heap Max Capacity: 1G
 Pre-touch: Disabled
 Parallel Workers: 8
Heap:
 PSYoungGen      total 54784K, used 35019K [0x00000000eab00000, 0x00000000eea80000, 0x0000000100000000)
  eden space 46080K, 57% used [0x00000000eab00000,0x00000000ec4c6120,0x00000000ed800000)
  from space 8704K, 99% used [0x00000000ed980000,0x00000000ee1fb690,0x00000000ee200000)
  to   space 7168K, 0% used [0x00000000ee380000,0x00000000ee380000,0x00000000eea80000)
 ParOldGen       total 166912K, used 126760K [0x00000000c0000000, 0x00000000ca300000, 0x00000000eab00000)
  object space 166912K, 75% used [0x00000000c0000000,0x00000000c7bca3a8,0x00000000ca300000)
 Metaspace       used 59852K, committed 60864K, reserved 1105920K
  class space    used 6043K, committed 6528K, reserved 1048576K
GC Heap History (20 events):
Event: 12.073 GC heap before
{Heap before GC invocations=36 (full 5):
 PSYoungGen      total 46080K, used 32768K [0x00000000eab00000, 0x00000000ee600000, 0x0000000100000000)
  eden space 32768K, 100% used [0x00000000eab00000,0x00000000ecb00000,0x00000000ecb00000)
  from space 13312K, 0% used [0x00000000ecb00000,0x00000000ecb00000,0x00000000ed800000)
  to   space 13312K, 0% used [0x00000000ed900000,0x00000000ed900000,0x00000000ee600000)
 ParOldGen       total 166912K, used 83995K [0x00000000c0000000, 0x00000000ca300000, 0x00000000eab00000)
  object space 166912K, 50% used [0x00000000c0000000,0x00000000c5206fa8,0x00000000ca300000)
 Metaspace       used 52747K, committed 53696K, reserved 1097728K
  class space    used 5548K, committed 6016K, reserved 1048576K
}
Event: 12.079 GC heap after
{Heap after GC invocations=36 (full 5):
 PSYoungGen      total 44544K, used 8590K [0x00000000eab00000, 0x00000000ee180000, 0x0000000100000000)
  eden space 35840K, 0% used [0x00000000eab00000,0x00000000eab00000,0x00000000ece00000)
  from space 8704K, 98% used [0x00000000ed900000,0x00000000ee163b00,0x00000000ee180000)
  to   space 9728K, 0% used [0x00000000ece80000,0x00000000ece80000,0x00000000ed800000)
 ParOldGen       total 166912K, used 84003K [0x00000000c0000000, 0x00000000ca300000, 0x00000000eab00000)
  object space 166912K, 50% used [0x00000000c0000000,0x00000000c5208fa8,0x00000000ca300000)
 Metaspace       used 52747K, committed 53696K, reserved 1097728K
  class space    used 5548K, committed 6016K, reserved 1048576K
}
Event: 12.719 GC heap before
{Heap before GC invocations=37 (full 5):
 PSYoungGen      total 44544K, used 44430K [0x00000000eab00000, 0x00000000ee180000, 0x0000000100000000)
  eden space 35840K, 100% used [0x00000000eab00000,0x00000000ece00000,0x00000000ece00000)
  from space 8704K, 98% used [0x00000000ed900000,0x00000000ee163b00,0x00000000ee180000)
  to   space 9728K, 0% used [0x00000000ece80000,0x00000000ece80000,0x00000000ed800000)
 ParOldGen       total 166912K, used 84003K [0x00000000c0000000, 0x00000000ca300000, 0x00000000eab00000)
  object space 166912K, 50% used [0x00000000c0000000,0x00000000c5208fa8,0x00000000ca300000)
 Metaspace       used 53302K, committed 54208K, reserved 1097728K
  class space    used 5586K, committed 6016K, reserved 1048576K
}
Event: 12.726 GC heap after
{Heap after GC invocations=37 (full 5):
 PSYoungGen      total 46080K, used 9705K [0x00000000eab00000, 0x00000000ee880000, 0x0000000100000000)
  eden space 36352K, 0% used [0x00000000eab00000,0x00000000eab00000,0x00000000ece80000)
  from space 9728K, 99% used [0x00000000ece80000,0x00000000ed7fa410,0x00000000ed800000)
  to   space 12288K, 0% used [0x00000000edc80000,0x00000000edc80000,0x00000000ee880000)
 ParOldGen       total 166912K, used 85611K [0x00000000c0000000, 0x00000000ca300000, 0x00000000eab00000)
  object space 166912K, 51% used [0x00000000c0000000,0x00000000c539afa8,0x00000000ca300000)
 Metaspace       used 53302K, committed 54208K, reserved 1097728K
  class space    used 5586K, committed 6016K, reserved 1048576K
}
Event: 13.460 GC heap before
{Heap before GC invocations=38 (full 5):
 PSYoungGen      total 46080K, used 46057K [0x00000000eab00000, 0x00000000ee880000, 0x0000000100000000)
  eden space 36352K, 100% used [0x00000000eab00000,0x00000000ece80000,0x00000000ece80000)
  from space 9728K, 99% used [0x00000000ece80000,0x00000000ed7fa410,0x00000000ed800000)
  to   space 12288K, 0% used [0x00000000edc80000,0x00000000edc80000,0x00000000ee880000)
 ParOldGen       total 166912K, used 85611K [0x00000000c0000000, 0x00000000ca300000, 0x00000000eab00000)
  object space 166912K, 51% used [0x00000000c0000000,0x00000000c539afa8,0x00000000ca300000)
 Metaspace       used 53416K, committed 54336K, reserved 1097728K
  class space    used 5589K, committed 6016K, reserved 1048576K
}
Event: 13.467 GC heap after
{Heap after GC invocations=38 (full 5):
 PSYoungGen      total 44032K, used 5408K [0x00000000eab00000, 0x00000000ee200000, 0x0000000100000000)
  eden space 38400K, 0% used [0x00000000eab00000,0x00000000eab00000,0x00000000ed080000)
  from space 5632K, 96% used [0x00000000edc80000,0x00000000ee1c8010,0x00000000ee200000)
  to   space 7680K, 0% used [0x00000000ed300000,0x00000000ed300000,0x00000000eda80000)
 ParOldGen       total 166912K, used 92859K [0x00000000c0000000, 0x00000000ca300000, 0x00000000eab00000)
  object space 166912K, 55% used [0x00000000c0000000,0x00000000c5aaefb8,0x00000000ca300000)
 Metaspace       used 53416K, committed 54336K, reserved 1097728K
  class space    used 5589K, committed 6016K, reserved 1048576K
}
Event: 14.001 GC heap before
{Heap before GC invocations=39 (full 5):
 PSYoungGen      total 44032K, used 43808K [0x00000000eab00000, 0x00000000ee200000, 0x0000000100000000)
  eden space 38400K, 100% used [0x00000000eab00000,0x00000000ed080000,0x00000000ed080000)
  from space 5632K, 96% used [0x00000000edc80000,0x00000000ee1c8010,0x00000000ee200000)
  to   space 7680K, 0% used [0x00000000ed300000,0x00000000ed300000,0x00000000eda80000)
 ParOldGen       total 166912K, used 92859K [0x00000000c0000000, 0x00000000ca300000, 0x00000000eab00000)
  object space 166912K, 55% used [0x00000000c0000000,0x00000000c5aaefb8,0x00000000ca300000)
 Metaspace       used 53697K, committed 54656K, reserved 1097728K
  class space    used 5596K, committed 6016K, reserved 1048576K
}
Event: 14.008 GC heap after
{Heap after GC invocations=39 (full 5):
 PSYoungGen      total 48128K, used 7655K [0x00000000eab00000, 0x00000000ef080000, 0x0000000100000000)
  eden space 40448K, 0% used [0x00000000eab00000,0x00000000eab00000,0x00000000ed280000)
  from space 7680K, 99% used [0x00000000ed300000,0x00000000eda79cd8,0x00000000eda80000)
  to   space 15360K, 0% used [0x00000000ee180000,0x00000000ee180000,0x00000000ef080000)
 ParOldGen       total 166912K, used 98887K [0x00000000c0000000, 0x00000000ca300000, 0x00000000eab00000)
  object space 166912K, 59% used [0x00000000c0000000,0x00000000c6091e60,0x00000000ca300000)
 Metaspace       used 53697K, committed 54656K, reserved 1097728K
  class space    used 5596K, committed 6016K, reserved 1048576K
}
Event: 14.266 GC heap before
{Heap before GC invocations=40 (full 5):
 PSYoungGen      total 48128K, used 48103K [0x00000000eab00000, 0x00000000ef080000, 0x0000000100000000)
  eden space 40448K, 100% used [0x00000000eab00000,0x00000000ed280000,0x00000000ed280000)
  from space 7680K, 99% used [0x00000000ed300000,0x00000000eda79cd8,0x00000000eda80000)
  to   space 15360K, 0% used [0x00000000ee180000,0x00000000ee180000,0x00000000ef080000)
 ParOldGen       total 166912K, used 98887K [0x00000000c0000000, 0x00000000ca300000, 0x00000000eab00000)
  object space 166912K, 59% used [0x00000000c0000000,0x00000000c6091e60,0x00000000ca300000)
 Metaspace       used 53962K, committed 54912K, reserved 1105920K
  class space    used 5610K, committed 6080K, reserved 1048576K
}
Event: 14.273 GC heap after
{Heap after GC invocations=40 (full 5):
 PSYoungGen      total 49152K, used 6269K [0x00000000eab00000, 0x00000000ee800000, 0x0000000100000000)
  eden space 42496K, 0% used [0x00000000eab00000,0x00000000eab00000,0x00000000ed480000)
  from space 6656K, 94% used [0x00000000ee180000,0x00000000ee79f448,0x00000000ee800000)
  to   space 9216K, 0% used [0x00000000ed600000,0x00000000ed600000,0x00000000edf00000)
 ParOldGen       total 166912K, used 103127K [0x00000000c0000000, 0x00000000ca300000, 0x00000000eab00000)
  object space 166912K, 61% used [0x00000000c0000000,0x00000000c64b5e70,0x00000000ca300000)
 Metaspace       used 53962K, committed 54912K, reserved 1105920K
  class space    used 5610K, committed 6080K, reserved 1048576K
}
Event: 14.736 GC heap before
{Heap before GC invocations=41 (full 5):
 PSYoungGen      total 49152K, used 48765K [0x00000000eab00000, 0x00000000ee800000, 0x0000000100000000)
  eden space 42496K, 100% used [0x00000000eab00000,0x00000000ed480000,0x00000000ed480000)
  from space 6656K, 94% used [0x00000000ee180000,0x00000000ee79f448,0x00000000ee800000)
  to   space 9216K, 0% used [0x00000000ed600000,0x00000000ed600000,0x00000000edf00000)
 ParOldGen       total 166912K, used 103127K [0x00000000c0000000, 0x00000000ca300000, 0x00000000eab00000)
  object space 166912K, 61% used [0x00000000c0000000,0x00000000c64b5e70,0x00000000ca300000)
 Metaspace       used 55389K, committed 56320K, reserved 1105920K
  class space    used 5738K, committed 6208K, reserved 1048576K
}
Event: 14.742 GC heap after
{Heap after GC invocations=41 (full 5):
 PSYoungGen      total 53248K, used 9170K [0x00000000eab00000, 0x00000000eea00000, 0x0000000100000000)
  eden space 44032K, 0% used [0x00000000eab00000,0x00000000eab00000,0x00000000ed600000)
  from space 9216K, 99% used [0x00000000ed600000,0x00000000edef4848,0x00000000edf00000)
  to   space 10240K, 0% used [0x00000000ee000000,0x00000000ee000000,0x00000000eea00000)
 ParOldGen       total 166912K, used 103135K [0x00000000c0000000, 0x00000000ca300000, 0x00000000eab00000)
  object space 166912K, 61% used [0x00000000c0000000,0x00000000c64b7e70,0x00000000ca300000)
 Metaspace       used 55389K, committed 56320K, reserved 1105920K
  class space    used 5738K, committed 6208K, reserved 1048576K
}
Event: 14.911 GC heap before
{Heap before GC invocations=42 (full 5):
 PSYoungGen      total 53248K, used 52920K [0x00000000eab00000, 0x00000000eea00000, 0x0000000100000000)
  eden space 44032K, 99% used [0x00000000eab00000,0x00000000ed5b9920,0x00000000ed600000)
  from space 9216K, 99% used [0x00000000ed600000,0x00000000edef4848,0x00000000edf00000)
  to   space 10240K, 0% used [0x00000000ee000000,0x00000000ee000000,0x00000000eea00000)
 ParOldGen       total 166912K, used 103135K [0x00000000c0000000, 0x00000000ca300000, 0x00000000eab00000)
  object space 166912K, 61% used [0x00000000c0000000,0x00000000c64b7e70,0x00000000ca300000)
 Metaspace       used 55559K, committed 56448K, reserved 1105920K
  class space    used 5757K, committed 6208K, reserved 1048576K
}
Event: 14.915 GC heap after
{Heap after GC invocations=42 (full 5):
 PSYoungGen      total 54784K, used 9231K [0x00000000eab00000, 0x00000000eea80000, 0x0000000100000000)
  eden space 44544K, 0% used [0x00000000eab00000,0x00000000eab00000,0x00000000ed680000)
  from space 10240K, 90% used [0x00000000ee000000,0x00000000ee903f28,0x00000000eea00000)
  to   space 9728K, 0% used [0x00000000ed680000,0x00000000ed680000,0x00000000ee000000)
 ParOldGen       total 166912K, used 103143K [0x00000000c0000000, 0x00000000ca300000, 0x00000000eab00000)
  object space 166912K, 61% used [0x00000000c0000000,0x00000000c64b9e70,0x00000000ca300000)
 Metaspace       used 55559K, committed 56448K, reserved 1105920K
  class space    used 5757K, committed 6208K, reserved 1048576K
}
Event: 15.789 GC heap before
{Heap before GC invocations=43 (full 5):
 PSYoungGen      total 54784K, used 53775K [0x00000000eab00000, 0x00000000eea80000, 0x0000000100000000)
  eden space 44544K, 100% used [0x00000000eab00000,0x00000000ed680000,0x00000000ed680000)
  from space 10240K, 90% used [0x00000000ee000000,0x00000000ee903f28,0x00000000eea00000)
  to   space 9728K, 0% used [0x00000000ed680000,0x00000000ed680000,0x00000000ee000000)
 ParOldGen       total 166912K, used 103143K [0x00000000c0000000, 0x00000000ca300000, 0x00000000eab00000)
  object space 166912K, 61% used [0x00000000c0000000,0x00000000c64b9e70,0x00000000ca300000)
 Metaspace       used 56845K, committed 57856K, reserved 1105920K
  class space    used 5863K, committed 6336K, reserved 1048576K
}
Event: 15.798 GC heap after
{Heap after GC invocations=43 (full 5):
 PSYoungGen      total 54272K, used 9698K [0x00000000eab00000, 0x00000000eef00000, 0x0000000100000000)
  eden space 44544K, 0% used [0x00000000eab00000,0x00000000eab00000,0x00000000ed680000)
  from space 9728K, 99% used [0x00000000ed680000,0x00000000edff8850,0x00000000ee000000)
  to   space 11776K, 0% used [0x00000000ee380000,0x00000000ee380000,0x00000000eef00000)
 ParOldGen       total 166912K, used 104823K [0x00000000c0000000, 0x00000000ca300000, 0x00000000eab00000)
  object space 166912K, 62% used [0x00000000c0000000,0x00000000c665de70,0x00000000ca300000)
 Metaspace       used 56845K, committed 57856K, reserved 1105920K
  class space    used 5863K, committed 6336K, reserved 1048576K
}
Event: 16.438 GC heap before
{Heap before GC invocations=44 (full 5):
 PSYoungGen      total 54272K, used 54242K [0x00000000eab00000, 0x00000000eef00000, 0x0000000100000000)
  eden space 44544K, 100% used [0x00000000eab00000,0x00000000ed680000,0x00000000ed680000)
  from space 9728K, 99% used [0x00000000ed680000,0x00000000edff8850,0x00000000ee000000)
  to   space 11776K, 0% used [0x00000000ee380000,0x00000000ee380000,0x00000000eef00000)
 ParOldGen       total 166912K, used 104823K [0x00000000c0000000, 0x00000000ca300000, 0x00000000eab00000)
  object space 166912K, 62% used [0x00000000c0000000,0x00000000c665de70,0x00000000ca300000)
 Metaspace       used 59240K, committed 60224K, reserved 1105920K
  class space    used 6016K, committed 6464K, reserved 1048576K
}
Event: 16.449 GC heap after
{Heap after GC invocations=44 (full 5):
 PSYoungGen      total 53248K, used 6716K [0x00000000eab00000, 0x00000000eea80000, 0x0000000100000000)
  eden space 46080K, 0% used [0x00000000eab00000,0x00000000eab00000,0x00000000ed800000)
  from space 7168K, 93% used [0x00000000ee380000,0x00000000eea0f1f8,0x00000000eea80000)
  to   space 8704K, 0% used [0x00000000ed980000,0x00000000ed980000,0x00000000ee200000)
 ParOldGen       total 166912K, used 110179K [0x00000000c0000000, 0x00000000ca300000, 0x00000000eab00000)
  object space 166912K, 66% used [0x00000000c0000000,0x00000000c6b98f98,0x00000000ca300000)
 Metaspace       used 59240K, committed 60224K, reserved 1105920K
  class space    used 6016K, committed 6464K, reserved 1048576K
}
Event: 16.959 GC heap before
{Heap before GC invocations=45 (full 5):
 PSYoungGen      total 53248K, used 52796K [0x00000000eab00000, 0x00000000eea80000, 0x0000000100000000)
  eden space 46080K, 100% used [0x00000000eab00000,0x00000000ed800000,0x00000000ed800000)
  from space 7168K, 93% used [0x00000000ee380000,0x00000000eea0f1f8,0x00000000eea80000)
  to   space 8704K, 0% used [0x00000000ed980000,0x00000000ed980000,0x00000000ee200000)
 ParOldGen       total 166912K, used 110179K [0x00000000c0000000, 0x00000000ca300000, 0x00000000eab00000)
  object space 166912K, 66% used [0x00000000c0000000,0x00000000c6b98f98,0x00000000ca300000)
 Metaspace       used 59642K, committed 60608K, reserved 1105920K
  class space    used 6028K, committed 6464K, reserved 1048576K
}
Event: 16.972 GC heap after
{Heap after GC invocations=45 (full 5):
 PSYoungGen      total 54784K, used 8685K [0x00000000eab00000, 0x00000000eea80000, 0x0000000100000000)
  eden space 46080K, 0% used [0x00000000eab00000,0x00000000eab00000,0x00000000ed800000)
  from space 8704K, 99% used [0x00000000ed980000,0x00000000ee1fb690,0x00000000ee200000)
  to   space 7168K, 0% used [0x00000000ee380000,0x00000000ee380000,0x00000000eea80000)
 ParOldGen       total 166912K, used 126760K [0x00000000c0000000, 0x00000000ca300000, 0x00000000eab00000)
  object space 166912K, 75% used [0x00000000c0000000,0x00000000c7bca3a8,0x00000000ca300000)
 Metaspace       used 59642K, committed 60608K, reserved 1105920K
  class space    used 6028K, committed 6464K, reserved 1048576K
}

